2025-06-11 21:17:13,036 - kavak_api - INFO - routes.py:24 - Processing chat request: que tasa tiene su financiacion?...
2025-06-11 21:17:15,229 - kavak_api - INFO - routes.py:26 - Chat response generated successfully
2025-06-11 21:19:10,204 - kavak_api - INFO - routes.py:24 - Processing chat request: Hola, quiero comprar un auto...
2025-06-11 21:19:11,258 - kavak_api - INFO - routes.py:26 - Chat response generated successfully
2025-06-11 21:19:30,535 - kavak_api - INFO - routes.py:24 - Processing chat request: Estoy buscando un auto pequeño y tengo un presupuesto de 20 mil dolares...
2025-06-11 21:19:32,179 - kavak_api - INFO - routes.py:26 - Chat response generated successfully
2025-06-11 21:19:53,008 - kavak_api - INFO - routes.py:24 - Processing chat request: Ninguna preferencia, quiero conocer distintos modelos y sus precios...
2025-06-11 21:19:54,674 - kavak_api - INFO - routes.py:26 - Chat response generated successfully
2025-06-11 21:20:00,728 - kavak_api - INFO - routes.py:24 - Processing chat request: Ninguna preferencia, quiero conocer distintos modelos y sus precios...
2025-06-11 21:20:01,886 - kavak_api - INFO - routes.py:26 - Chat response generated successfully
2025-06-11 21:20:20,652 - kavak_api - INFO - routes.py:24 - Processing chat request: Mi presupuesto es de 20 mil dolares...
2025-06-11 21:20:22,289 - kavak_api - INFO - routes.py:26 - Chat response generated successfully
2025-06-11 21:20:35,001 - kavak_api - INFO - routes.py:24 - Processing chat request: Me interesa un auto compacto...
2025-06-11 21:20:36,041 - kavak_api - INFO - routes.py:26 - Chat response generated successfully
2025-06-11 21:20:53,800 - kavak_api - INFO - routes.py:24 - Processing chat request: Marcas Europeas...
2025-06-11 21:20:57,587 - kavak_api - INFO - routes.py:26 - Chat response generated successfully
2025-06-11 21:25:50,663 - kavak_api - INFO - routes.py:24 - Processing chat request: Hola, quiero comprar un vehiculo...
2025-06-11 21:25:52,877 - kavak_api - INFO - routes.py:26 - Chat response generated successfully
2025-06-11 21:26:05,624 - kavak_api - INFO - routes.py:24 - Processing chat request: Estoy buscando un vehiculo pequeño...
2025-06-11 21:26:07,005 - kavak_api - INFO - routes.py:26 - Chat response generated successfully
2025-06-11 21:26:19,716 - kavak_api - INFO - routes.py:24 - Processing chat request: Quiero gastar hasta 20 mil dolares...
2025-06-11 21:26:21,448 - kavak_api - INFO - routes.py:26 - Chat response generated successfully
2025-06-11 21:26:41,540 - kavak_api - INFO - routes.py:24 - Processing chat request: Quiero que me des distintas opciones con sus precios...
2025-06-11 21:26:43,258 - kavak_api - INFO - routes.py:26 - Chat response generated successfully
2025-06-11 21:27:30,217 - kavak_api - INFO - routes.py:24 - Processing chat request: Quiero que me des distintas opciones con sus precios de autos modelo 2018 o mas nuevos...
2025-06-11 21:27:31,757 - kavak_api - INFO - routes.py:26 - Chat response generated successfully
2025-06-11 21:27:38,885 - kavak_api - INFO - routes.py:24 - Processing chat request: No...
2025-06-11 21:27:40,503 - kavak_api - INFO - routes.py:26 - Chat response generated successfully
2025-06-11 21:29:06,981 - kavak_api - INFO - routes.py:24 - Processing chat request: Hola, quiero autos mas nuevos que modelo 2018...
2025-06-11 21:29:08,363 - kavak_api - INFO - routes.py:26 - Chat response generated successfully
2025-06-11 21:29:22,909 - kavak_api - INFO - routes.py:24 - Processing chat request: Tengo un presupuesto de 20 mil dolares...
2025-06-11 21:29:24,595 - kavak_api - INFO - routes.py:26 - Chat response generated successfully
2025-06-11 21:29:54,277 - kavak_api - INFO - routes.py:24 - Processing chat request: No, solo quiero una lista para ver las opciones con sus respectivos precios...
2025-06-11 21:29:55,727 - kavak_api - INFO - routes.py:26 - Chat response generated successfully
2025-06-11 21:33:42,306 - kavak_api - INFO - routes.py:24 - Processing chat request: Que autos toyota tienes disponibles?...
2025-06-11 21:33:44,443 - kavak_api - INFO - routes.py:26 - Chat response generated successfully
2025-06-11 21:34:03,499 - kavak_api - INFO - routes.py:24 - Processing chat request: quiero ver los modelos de 2018 en adelante...
2025-06-11 21:34:08,855 - kavak_api - INFO - routes.py:26 - Chat response generated successfully
2025-06-11 21:52:08,893 - kavak_api - INFO - routes.py:24 - Processing chat request: quiero ver los modelos de 2018 en adelante...
2025-06-11 21:52:12,553 - kavak_api - INFO - routes.py:26 - Chat response generated successfully
2025-06-11 21:53:03,022 - kavak_api - INFO - routes.py:24 - Processing chat request: quiero ver los modelos de 2018 en adelante...
2025-06-11 21:53:07,435 - kavak_api - INFO - routes.py:26 - Chat response generated successfully
2025-06-11 22:32:55,917 - kavak_api - INFO - routes.py:24 - Processing chat request: Hola!...
2025-06-11 22:32:57,910 - kavak_api - INFO - routes.py:26 - Chat response generated successfully
2025-06-11 22:33:09,988 - kavak_api - INFO - routes.py:24 - Processing chat request: Quien eres?...
2025-06-11 22:33:12,104 - kavak_api - INFO - routes.py:26 - Chat response generated successfully
2025-06-11 22:34:34,441 - kavak_api - INFO - routes.py:24 - Processing chat request: Hola?...
2025-06-11 22:34:36,484 - kavak_api - INFO - routes.py:26 - Chat response generated successfully
2025-06-11 22:34:49,290 - kavak_api - INFO - routes.py:24 - Processing chat request: Quiero comprar un auto...
2025-06-11 22:34:51,539 - kavak_api - INFO - routes.py:26 - Chat response generated successfully
2025-06-11 22:35:22,227 - kavak_api - INFO - routes.py:24 - Processing chat request: Estoy buscando un auto modelo 2018 o posterior...
2025-06-11 22:35:23,770 - kavak_api - INFO - routes.py:26 - Chat response generated successfully
2025-06-11 22:35:39,216 - kavak_api - INFO - routes.py:24 - Processing chat request: Tengo preferencia de marcas europeas...
2025-06-11 22:35:41,304 - kavak_api - INFO - routes.py:26 - Chat response generated successfully
2025-06-11 22:35:54,378 - kavak_api - INFO - routes.py:24 - Processing chat request: Quiero ver opciones junto a sus precios...
2025-06-11 22:35:55,945 - kavak_api - INFO - routes.py:26 - Chat response generated successfully
2025-06-11 22:36:16,921 - kavak_api - INFO - routes.py:24 - Processing chat request: Quiero ver autos pequeños, mi presupuesto es de 20 mil dolares...
2025-06-11 22:36:18,582 - kavak_api - INFO - routes.py:26 - Chat response generated successfully
2025-06-11 22:36:37,314 - kavak_api - INFO - routes.py:24 - Processing chat request: Me gusta volkswagen...
2025-06-11 22:36:39,282 - kavak_api - INFO - routes.py:26 - Chat response generated successfully
2025-06-11 22:37:01,549 - kavak_api - INFO - routes.py:24 - Processing chat request: Quiero una lista de vehiculos...
2025-06-11 22:37:02,906 - kavak_api - INFO - routes.py:26 - Chat response generated successfully
2025-06-11 22:37:20,294 - kavak_api - INFO - routes.py:24 - Processing chat request: Quiero una lista de vehiculos de autos modelo 2018 o mas nuevos con sus precios...
2025-06-11 22:37:24,221 - kavak_api - INFO - routes.py:26 - Chat response generated successfully
2025-06-11 22:37:51,146 - kavak_api - INFO - routes.py:24 - Processing chat request: Quiero mas detalles sobre el volkswagen gol...
2025-06-11 22:37:53,140 - kavak_api - INFO - routes.py:26 - Chat response generated successfully
2025-06-11 22:38:11,817 - kavak_api - INFO - routes.py:24 - Processing chat request: No, quiero conocer datos en general del modelo...
2025-06-11 22:38:13,068 - kavak_api - INFO - routes.py:26 - Chat response generated successfully
2025-06-11 22:42:14,842 - kavak_api - INFO - routes.py:24 - Processing chat request: Hola, quiero comprar un auto...
2025-06-11 22:42:16,910 - kavak_api - INFO - routes.py:26 - Chat response generated successfully
2025-06-11 22:42:38,672 - kavak_api - INFO - routes.py:24 - Processing chat request: No tengo nada claro, solo quiero conocer mas sobre los modelos...
2025-06-11 22:42:40,256 - kavak_api - INFO - routes.py:26 - Chat response generated successfully
2025-06-11 22:42:58,387 - kavak_api - INFO - routes.py:24 - Processing chat request: Estoy buscando autos modelo 2018...
2025-06-11 22:43:00,304 - kavak_api - INFO - routes.py:26 - Chat response generated successfully
2025-06-11 22:43:16,650 - kavak_api - INFO - routes.py:24 - Processing chat request: No tengo preferencia de marca...
2025-06-11 22:43:18,506 - kavak_api - INFO - routes.py:26 - Chat response generated successfully
2025-06-11 22:43:35,919 - kavak_api - INFO - routes.py:24 - Processing chat request: Estoy interesado en autos pequeños...
2025-06-11 22:43:38,195 - kavak_api - INFO - routes.py:26 - Chat response generated successfully
2025-06-11 22:43:49,618 - kavak_api - INFO - routes.py:24 - Processing chat request: Quiero autos accesibles...
2025-06-11 22:43:52,144 - kavak_api - INFO - routes.py:26 - Chat response generated successfully
2025-06-11 22:50:57,200 - kavak_api - INFO - routes.py:24 - Processing chat request: Hola! Quiero comprar un auto...
2025-06-11 22:50:58,871 - kavak_api - INFO - routes.py:26 - Chat response generated successfully
2025-06-11 22:51:12,063 - kavak_api - INFO - routes.py:24 - Processing chat request: Estoy buscando autos con 5 años de antiguedad...
2025-06-11 22:51:14,375 - kavak_api - INFO - routes.py:26 - Chat response generated successfully
2025-06-11 22:51:30,945 - kavak_api - INFO - routes.py:24 - Processing chat request: Me gustaria ver modelos de autos 2020...
2025-06-11 22:51:35,147 - kavak_api - INFO - routes.py:26 - Chat response generated successfully
2025-06-11 22:54:53,111 - kavak_api - INFO - routes.py:24 - Processing chat request: Hola...
2025-06-11 22:54:54,187 - kavak_api - INFO - routes.py:26 - Chat response generated successfully
2025-06-11 22:57:58,816 - kavak_api - INFO - routes.py:24 - Processing chat request: Hola...
2025-06-11 22:58:00,047 - kavak_api - INFO - routes.py:26 - Chat response generated successfully
2025-06-11 23:01:56,536 - kavak_api - INFO - routes.py:24 - Processing chat request: Me gustaria ver modelos de autos 2020...
2025-06-11 23:01:58,309 - kavak_api - INFO - routes.py:26 - Chat response generated successfully
2025-06-11 23:13:50,817 - kavak_api - INFO - routes.py:24 - Processing chat request: Hola!...
2025-06-11 23:13:53,118 - kavak_api - INFO - routes.py:26 - Chat response generated successfully
2025-06-11 23:16:18,118 - kavak_api - INFO - routes.py:24 - Processing chat request: Hola!...
2025-06-11 23:16:19,548 - kavak_api - INFO - routes.py:26 - Chat response generated successfully
2025-06-11 23:16:26,038 - kavak_api - INFO - routes.py:24 - Processing chat request: Hola! Quiero comprar un auto...
2025-06-11 23:16:27,308 - kavak_api - INFO - routes.py:26 - Chat response generated successfully
